kwxsync --statuses "Analyze","Ignore","Not a problem","Fix","Fix in Next Release","Defer","Filter" --last-sync "05-03-2016 00:00:00" --host test.net --port 8080 P0723A_1809 P0723E_1809
kwxsync --statuses "Analyze","Ignore","Not a problem","Fix","Fix in Next Release","Defer","Filter" --last-sync "05-03-2016 00:00:00" --host test.net --port 8080 P0723A_1809 P0753A_1809
kwxsync --statuses "Analyze","Ignore","Not a problem","Fix","Fix in Next Release","Defer","Filter" --last-sync "05-03-2016 00:00:00" --host test.net --port 8080 P0723A_1809 P0753E_1809
kwxsync --statuses "Analyze","Ignore","Not a problem","Fix","Fix in Next Release","Defer","Filter" --last-sync "05-03-2016 00:00:00" --host test.net --port 8080 P0723A_1809 P0805E_1809
kwxsync --statuses "Analyze","Ignore","Not a problem","Fix","Fix in Next Release","Defer","Filter" --last-sync "05-03-2016 00:00:00" --host test.net --port 8080 P0723A_1809 P2394E_1809
kwxsync --statuses "Analyze","Ignore","Not a problem","Fix","Fix in Next Release","Defer","Filter" --last-sync "05-03-2016 00:00:00" --host test.net --port 8080 P0723A_1809 P2396A_1809
kwxsync --statuses "Analyze","Ignore","Not a problem","Fix","Fix in Next Release","Defer","Filter" --last-sync "05-03-2016 00:00:00" --host test.net --port 8080 P0723A_1809 P2396E_1809
kwxsync --statuses "Analyze","Ignore","Not a problem","Fix","Fix in Next Release","Defer","Filter" --last-sync "05-03-2016 00:00:00" --host test.net --port 8080 P0723A_1809 P2397E_1809
kwxsync --statuses "Analyze","Ignore","Not a problem","Fix","Fix in Next Release","Defer","Filter" --last-sync "05-03-2016 00:00:00" --host test.net --port 8080 P0723A_1809 P2745E_1809
kwxsync --statuses "Analyze","Ignore","Not a problem","Fix","Fix in Next Release","Defer","Filter" --last-sync "05-03-2016 00:00:00" --host test.net --port 8080 P0723A_1809 P2749H_1809
kwxsync --statuses "Analyze","Ignore","Not a problem","Fix","Fix in Next Release","Defer","Filter" --last-sync "05-03-2016 00:00:00" --host test.net --port 8080 P0723A_1809 P2952A_1809
kwxsync --statuses "Analyze","Ignore","Not a problem","Fix","Fix in Next Release","Defer","Filter" --last-sync "05-03-2016 00:00:00" --host test.net --port 8080 P0723A_1809 P2952A_LNG_1809
kwxsync --statuses "Analyze","Ignore","Not a problem","Fix","Fix in Next Release","Defer","Filter" --last-sync "05-03-2016 00:00:00" --host test.net --port 8080 P0723A_1809 P2952E_1809
kwxsync --statuses "Analyze","Ignore","Not a problem","Fix","Fix in Next Release","Defer","Filter" --last-sync "05-03-2016 00:00:00" --host test.net --port 8080 P0723A_1809 P2952E_ESCR_1809
kwxsync --statuses "Analyze","Ignore","Not a problem","Fix","Fix in Next Release","Defer","Filter" --last-sync "05-03-2016 00:00:00" --host test.net --port 8080 P0723A_1809 P2952E_LNG_1809
kwxsync --statuses "Analyze","Ignore","Not a problem","Fix","Fix in Next Release","Defer","Filter" --last-sync "05-03-2016 00:00:00" --host test.net --port 8080 P0723A_1809 P2952E_T2_1809
kwxsync --statuses "Analyze","Ignore","Not a problem","Fix","Fix in Next Release","Defer","Filter" --last-sync "05-03-2016 00:00:00" --host test.net --port 8080 P0723A_1809 P2952E_TC_1809
kwxsync --statuses "Analyze","Ignore","Not a problem","Fix","Fix in Next Release","Defer","Filter" --last-sync "05-03-2016 00:00:00" --host test.net --port 8080 P0723A_1809 P3162_1809
kwxsync --statuses "Analyze","Ignore","Not a problem","Fix","Fix in Next Release","Defer","Filter" --last-sync "05-03-2016 00:00:00" --host test.net --port 8080 P0723A_1809 P3162A_1809
kwxsync --statuses "Analyze","Ignore","Not a problem","Fix","Fix in Next Release","Defer","Filter" --last-sync "05-03-2016 00:00:00" --host test.net --port 8080 P0723A_1809 P3216A_1809
kwxsync --statuses "Analyze","Ignore","Not a problem","Fix","Fix in Next Release","Defer","Filter" --last-sync "05-03-2016 00:00:00" --host test.net --port 8080 P0723A_1809 P3216A_EU3_1809
kwxsync --statuses "Analyze","Ignore","Not a problem","Fix","Fix in Next Release","Defer","Filter" --last-sync "05-03-2016 00:00:00" --host test.net --port 8080 P0723A_1809 P3216E_1809
kwxsync --statuses "Analyze","Ignore","Not a problem","Fix","Fix in Next Release","Defer","Filter" --last-sync "05-03-2016 00:00:00" --host test.net --port 8080 P0723E_1809 P0753A_1809
kwxsync --statuses "Analyze","Ignore","Not a problem","Fix","Fix in Next Release","Defer","Filter" --last-sync "05-03-2016 00:00:00" --host test.net --port 8080 P0723E_1809 P0753E_1809
kwxsync --statuses "Analyze","Ignore","Not a problem","Fix","Fix in Next Release","Defer","Filter" --last-sync "05-03-2016 00:00:00" --host test.net --port 8080 P0723E_1809 P0805E_1809
kwxsync --statuses "Analyze","Ignore","Not a problem","Fix","Fix in Next Release","Defer","Filter" --last-sync "05-03-2016 00:00:00" --host test.net --port 8080 P0723E_1809 P2394E_1809
kwxsync --statuses "Analyze","Ignore","Not a problem","Fix","Fix in Next Release","Defer","Filter" --last-sync "05-03-2016 00:00:00" --host test.net --port 8080 P0723E_1809 P2396A_1809
kwxsync --statuses "Analyze","Ignore","Not a problem","Fix","Fix in Next Release","Defer","Filter" --last-sync "05-03-2016 00:00:00" --host test.net --port 8080 P0723E_1809 P2396E_1809
kwxsync --statuses "Analyze","Ignore","Not a problem","Fix","Fix in Next Release","Defer","Filter" --last-sync "05-03-2016 00:00:00" --host test.net --port 8080 P0723E_1809 P2397E_1809
kwxsync --statuses "Analyze","Ignore","Not a problem","Fix","Fix in Next Release","Defer","Filter" --last-sync "05-03-2016 00:00:00" --host test.net --port 8080 P0723E_1809 P2745E_1809
kwxsync --statuses "Analyze","Ignore","Not a problem","Fix","Fix in Next Release","Defer","Filter" --last-sync "05-03-2016 00:00:00" --host test.net --port 8080 P0723E_1809 P2749H_1809
kwxsync --statuses "Analyze","Ignore","Not a problem","Fix","Fix in Next Release","Defer","Filter" --last-sync "05-03-2016 00:00:00" --host test.net --port 8080 P0723E_1809 P2952A_1809
kwxsync --statuses "Analyze","Ignore","Not a problem","Fix","Fix in Next Release","Defer","Filter" --last-sync "05-03-2016 00:00:00" --host test.net --port 8080 P0723E_1809 P2952A_LNG_1809
kwxsync --statuses "Analyze","Ignore","Not a problem","Fix","Fix in Next Release","Defer","Filter" --last-sync "05-03-2016 00:00:00" --host test.net --port 8080 P0723E_1809 P2952E_1809
kwxsync --statuses "Analyze","Ignore","Not a problem","Fix","Fix in Next Release","Defer","Filter" --last-sync "05-03-2016 00:00:00" --host test.net --port 8080 P0723E_1809 P2952E_ESCR_1809
kwxsync --statuses "Analyze","Ignore","Not a problem","Fix","Fix in Next Release","Defer","Filter" --last-sync "05-03-2016 00:00:00" --host test.net --port 8080 P0723E_1809 P2952E_LNG_1809
kwxsync --statuses "Analyze","Ignore","Not a problem","Fix","Fix in Next Release","Defer","Filter" --last-sync "05-03-2016 00:00:00" --host test.net --port 8080 P0723E_1809 P2952E_T2_1809
kwxsync --statuses "Analyze","Ignore","Not a problem","Fix","Fix in Next Release","Defer","Filter" --last-sync "05-03-2016 00:00:00" --host test.net --port 8080 P0723E_1809 P2952E_TC_1809
kwxsync --statuses "Analyze","Ignore","Not a problem","Fix","Fix in Next Release","Defer","Filter" --last-sync "05-03-2016 00:00:00" --host test.net --port 8080 P0723E_1809 P3162_1809
kwxsync --statuses "Analyze","Ignore","Not a problem","Fix","Fix in Next Release","Defer","Filter" --last-sync "05-03-2016 00:00:00" --host test.net --port 8080 P0723E_1809 P3162A_1809
kwxsync --statuses "Analyze","Ignore","Not a problem","Fix","Fix in Next Release","Defer","Filter" --last-sync "05-03-2016 00:00:00" --host test.net --port 8080 P0723E_1809 P3216A_1809
kwxsync --statuses "Analyze","Ignore","Not a problem","Fix","Fix in Next Release","Defer","Filter" --last-sync "05-03-2016 00:00:00" --host test.net --port 8080 P0723E_1809 P3216A_EU3_1809
kwxsync --statuses "Analyze","Ignore","Not a problem","Fix","Fix in Next Release","Defer","Filter" --last-sync "05-03-2016 00:00:00" --host test.net --port 8080 P0723E_1809 P3216E_1809
kwxsync --statuses "Analyze","Ignore","Not a problem","Fix","Fix in Next Release","Defer","Filter" --last-sync "05-03-2016 00:00:00" --host test.net --port 8080 P0753A_1809 P0753E_1809
kwxsync --statuses "Analyze","Ignore","Not a problem","Fix","Fix in Next Release","Defer","Filter" --last-sync "05-03-2016 00:00:00" --host test.net --port 8080 P0753A_1809 P0805E_1809
kwxsync --statuses "Analyze","Ignore","Not a problem","Fix","Fix in Next Release","Defer","Filter" --last-sync "05-03-2016 00:00:00" --host test.net --port 8080 P0753A_1809 P2394E_1809
kwxsync --statuses "Analyze","Ignore","Not a problem","Fix","Fix in Next Release","Defer","Filter" --last-sync "05-03-2016 00:00:00" --host test.net --port 8080 P0753A_1809 P2396A_1809
kwxsync --statuses "Analyze","Ignore","Not a problem","Fix","Fix in Next Release","Defer","Filter" --last-sync "05-03-2016 00:00:00" --host test.net --port 8080 P0753A_1809 P2396E_1809
kwxsync --statuses "Analyze","Ignore","Not a problem","Fix","Fix in Next Release","Defer","Filter" --last-sync "05-03-2016 00:00:00" --host test.net --port 8080 P0753A_1809 P2397E_1809
kwxsync --statuses "Analyze","Ignore","Not a problem","Fix","Fix in Next Release","Defer","Filter" --last-sync "05-03-2016 00:00:00" --host test.net --port 8080 P0753A_1809 P2745E_1809
kwxsync --statuses "Analyze","Ignore","Not a problem","Fix","Fix in Next Release","Defer","Filter" --last-sync "05-03-2016 00:00:00" --host test.net --port 8080 P0753A_1809 P2749H_1809
kwxsync --statuses "Analyze","Ignore","Not a problem","Fix","Fix in Next Release","Defer","Filter" --last-sync "05-03-2016 00:00:00" --host test.net --port 8080 P0753A_1809 P2952A_1809
kwxsync --statuses "Analyze","Ignore","Not a problem","Fix","Fix in Next Release","Defer","Filter" --last-sync "05-03-2016 00:00:00" --host test.net --port 8080 P0753A_1809 P2952A_LNG_1809
kwxsync --statuses "Analyze","Ignore","Not a problem","Fix","Fix in Next Release","Defer","Filter" --last-sync "05-03-2016 00:00:00" --host test.net --port 8080 P0753A_1809 P2952E_1809
kwxsync --statuses "Analyze","Ignore","Not a problem","Fix","Fix in Next Release","Defer","Filter" --last-sync "05-03-2016 00:00:00" --host test.net --port 8080 P0753A_1809 P2952E_ESCR_1809
kwxsync --statuses "Analyze","Ignore","Not a problem","Fix","Fix in Next Release","Defer","Filter" --last-sync "05-03-2016 00:00:00" --host test.net --port 8080 P0753A_1809 P2952E_LNG_1809
kwxsync --statuses "Analyze","Ignore","Not a problem","Fix","Fix in Next Release","Defer","Filter" --last-sync "05-03-2016 00:00:00" --host test.net --port 8080 P0753A_1809 P2952E_T2_1809
kwxsync --statuses "Analyze","Ignore","Not a problem","Fix","Fix in Next Release","Defer","Filter" --last-sync "05-03-2016 00:00:00" --host test.net --port 8080 P0753A_1809 P2952E_TC_1809
kwxsync --statuses "Analyze","Ignore","Not a problem","Fix","Fix in Next Release","Defer","Filter" --last-sync "05-03-2016 00:00:00" --host test.net --port 8080 P0753A_1809 P3162_1809
kwxsync --statuses "Analyze","Ignore","Not a problem","Fix","Fix in Next Release","Defer","Filter" --last-sync "05-03-2016 00:00:00" --host test.net --port 8080 P0753A_1809 P3162A_1809
kwxsync --statuses "Analyze","Ignore","Not a problem","Fix","Fix in Next Release","Defer","Filter" --last-sync "05-03-2016 00:00:00" --host test.net --port 8080 P0753A_1809 P3216A_1809
kwxsync --statuses "Analyze","Ignore","Not a problem","Fix","Fix in Next Release","Defer","Filter" --last-sync "05-03-2016 00:00:00" --host test.net --port 8080 P0753A_1809 P3216A_EU3_1809
kwxsync --statuses "Analyze","Ignore","Not a problem","Fix","Fix in Next Release","Defer","Filter" --last-sync "05-03-2016 00:00:00" --host test.net --port 8080 P0753A_1809 P3216E_1809
kwxsync --statuses "Analyze","Ignore","Not a problem","Fix","Fix in Next Release","Defer","Filter" --last-sync "05-03-2016 00:00:00" --host test.net --port 8080 P0753E_1809 P0805E_1809
kwxsync --statuses "Analyze","Ignore","Not a problem","Fix","Fix in Next Release","Defer","Filter" --last-sync "05-03-2016 00:00:00" --host test.net --port 8080 P0753E_1809 P2394E_1809
kwxsync --statuses "Analyze","Ignore","Not a problem","Fix","Fix in Next Release","Defer","Filter" --last-sync "05-03-2016 00:00:00" --host test.net --port 8080 P0753E_1809 P2396A_1809
kwxsync --statuses "Analyze","Ignore","Not a problem","Fix","Fix in Next Release","Defer","Filter" --last-sync "05-03-2016 00:00:00" --host test.net --port 8080 P0753E_1809 P2396E_1809
kwxsync --statuses "Analyze","Ignore","Not a problem","Fix","Fix in Next Release","Defer","Filter" --last-sync "05-03-2016 00:00:00" --host test.net --port 8080 P0753E_1809 P2397E_1809
kwxsync --statuses "Analyze","Ignore","Not a problem","Fix","Fix in Next Release","Defer","Filter" --last-sync "05-03-2016 00:00:00" --host test.net --port 8080 P0753E_1809 P2745E_1809
kwxsync --statuses "Analyze","Ignore","Not a problem","Fix","Fix in Next Release","Defer","Filter" --last-sync "05-03-2016 00:00:00" --host test.net --port 8080 P0753E_1809 P2749H_1809
kwxsync --statuses "Analyze","Ignore","Not a problem","Fix","Fix in Next Release","Defer","Filter" --last-sync "05-03-2016 00:00:00" --host test.net --port 8080 P0753E_1809 P2952A_1809
kwxsync --statuses "Analyze","Ignore","Not a problem","Fix","Fix in Next Release","Defer","Filter" --last-sync "05-03-2016 00:00:00" --host test.net --port 8080 P0753E_1809 P2952A_LNG_1809
kwxsync --statuses "Analyze","Ignore","Not a problem","Fix","Fix in Next Release","Defer","Filter" --last-sync "05-03-2016 00:00:00" --host test.net --port 8080 P0753E_1809 P2952E_1809
kwxsync --statuses "Analyze","Ignore","Not a problem","Fix","Fix in Next Release","Defer","Filter" --last-sync "05-03-2016 00:00:00" --host test.net --port 8080 P0753E_1809 P2952E_ESCR_1809
kwxsync --statuses "Analyze","Ignore","Not a problem","Fix","Fix in Next Release","Defer","Filter" --last-sync "05-03-2016 00:00:00" --host test.net --port 8080 P0753E_1809 P2952E_LNG_1809
kwxsync --statuses "Analyze","Ignore","Not a problem","Fix","Fix in Next Release","Defer","Filter" --last-sync "05-03-2016 00:00:00" --host test.net --port 8080 P0753E_1809 P2952E_T2_1809
kwxsync --statuses "Analyze","Ignore","Not a problem","Fix","Fix in Next Release","Defer","Filter" --last-sync "05-03-2016 00:00:00" --host test.net --port 8080 P0753E_1809 P2952E_TC_1809
kwxsync --statuses "Analyze","Ignore","Not a problem","Fix","Fix in Next Release","Defer","Filter" --last-sync "05-03-2016 00:00:00" --host test.net --port 8080 P0753E_1809 P3162_1809
kwxsync --statuses "Analyze","Ignore","Not a problem","Fix","Fix in Next Release","Defer","Filter" --last-sync "05-03-2016 00:00:00" --host test.net --port 8080 P0753E_1809 P3162A_1809
kwxsync --statuses "Analyze","Ignore","Not a problem","Fix","Fix in Next Release","Defer","Filter" --last-sync "05-03-2016 00:00:00" --host test.net --port 8080 P0753E_1809 P3216A_1809
kwxsync --statuses "Analyze","Ignore","Not a problem","Fix","Fix in Next Release","Defer","Filter" --last-sync "05-03-2016 00:00:00" --host test.net --port 8080 P0753E_1809 P3216A_EU3_1809
kwxsync --statuses "Analyze","Ignore","Not a problem","Fix","Fix in Next Release","Defer","Filter" --last-sync "05-03-2016 00:00:00" --host test.net --port 8080 P0753E_1809 P3216E_1809
kwxsync --statuses "Analyze","Ignore","Not a problem","Fix","Fix in Next Release","Defer","Filter" --last-sync "05-03-2016 00:00:00" --host test.net --port 8080 P0805E_1809 P2394E_1809
kwxsync --statuses "Analyze","Ignore","Not a problem","Fix","Fix in Next Release","Defer","Filter" --last-sync "05-03-2016 00:00:00" --host test.net --port 8080 P0805E_1809 P2396A_1809
kwxsync --statuses "Analyze","Ignore","Not a problem","Fix","Fix in Next Release","Defer","Filter" --last-sync "05-03-2016 00:00:00" --host test.net --port 8080 P0805E_1809 P2396E_1809
kwxsync --statuses "Analyze","Ignore","Not a problem","Fix","Fix in Next Release","Defer","Filter" --last-sync "05-03-2016 00:00:00" --host test.net --port 8080 P0805E_1809 P2397E_1809
kwxsync --statuses "Analyze","Ignore","Not a problem","Fix","Fix in Next Release","Defer","Filter" --last-sync "05-03-2016 00:00:00" --host test.net --port 8080 P0805E_1809 P2745E_1809
kwxsync --statuses "Analyze","Ignore","Not a problem","Fix","Fix in Next Release","Defer","Filter" --last-sync "05-03-2016 00:00:00" --host test.net --port 8080 P0805E_1809 P2749H_1809
kwxsync --statuses "Analyze","Ignore","Not a problem","Fix","Fix in Next Release","Defer","Filter" --last-sync "05-03-2016 00:00:00" --host test.net --port 8080 P0805E_1809 P2952A_1809
kwxsync --statuses "Analyze","Ignore","Not a problem","Fix","Fix in Next Release","Defer","Filter" --last-sync "05-03-2016 00:00:00" --host test.net --port 8080 P0805E_1809 P2952A_LNG_1809
kwxsync --statuses "Analyze","Ignore","Not a problem","Fix","Fix in Next Release","Defer","Filter" --last-sync "05-03-2016 00:00:00" --host test.net --port 8080 P0805E_1809 P2952E_1809
kwxsync --statuses "Analyze","Ignore","Not a problem","Fix","Fix in Next Release","Defer","Filter" --last-sync "05-03-2016 00:00:00" --host test.net --port 8080 P0805E_1809 P2952E_ESCR_1809
kwxsync --statuses "Analyze","Ignore","Not a problem","Fix","Fix in Next Release","Defer","Filter" --last-sync "05-03-2016 00:00:00" --host test.net --port 8080 P0805E_1809 P2952E_LNG_1809
kwxsync --statuses "Analyze","Ignore","Not a problem","Fix","Fix in Next Release","Defer","Filter" --last-sync "05-03-2016 00:00:00" --host test.net --port 8080 P0805E_1809 P2952E_T2_1809
kwxsync --statuses "Analyze","Ignore","Not a problem","Fix","Fix in Next Release","Defer","Filter" --last-sync "05-03-2016 00:00:00" --host test.net --port 8080 P0805E_1809 P2952E_TC_1809
kwxsync --statuses "Analyze","Ignore","Not a problem","Fix","Fix in Next Release","Defer","Filter" --last-sync "05-03-2016 00:00:00" --host test.net --port 8080 P0805E_1809 P3162_1809
kwxsync --statuses "Analyze","Ignore","Not a problem","Fix","Fix in Next Release","Defer","Filter" --last-sync "05-03-2016 00:00:00" --host test.net --port 8080 P0805E_1809 P3162A_1809
kwxsync --statuses "Analyze","Ignore","Not a problem","Fix","Fix in Next Release","Defer","Filter" --last-sync "05-03-2016 00:00:00" --host test.net --port 8080 P0805E_1809 P3216A_1809
kwxsync --statuses "Analyze","Ignore","Not a problem","Fix","Fix in Next Release","Defer","Filter" --last-sync "05-03-2016 00:00:00" --host test.net --port 8080 P0805E_1809 P3216A_EU3_1809
kwxsync --statuses "Analyze","Ignore","Not a problem","Fix","Fix in Next Release","Defer","Filter" --last-sync "05-03-2016 00:00:00" --host test.net --port 8080 P0805E_1809 P3216E_1809
kwxsync --statuses "Analyze","Ignore","Not a problem","Fix","Fix in Next Release","Defer","Filter" --last-sync "05-03-2016 00:00:00" --host test.net --port 8080 P2394E_1809 P2396A_1809
kwxsync --statuses "Analyze","Ignore","Not a problem","Fix","Fix in Next Release","Defer","Filter" --last-sync "05-03-2016 00:00:00" --host test.net --port 8080 P2394E_1809 P2396E_1809
kwxsync --statuses "Analyze","Ignore","Not a problem","Fix","Fix in Next Release","Defer","Filter" --last-sync "05-03-2016 00:00:00" --host test.net --port 8080 P2394E_1809 P2397E_1809
kwxsync --statuses "Analyze","Ignore","Not a problem","Fix","Fix in Next Release","Defer","Filter" --last-sync "05-03-2016 00:00:00" --host test.net --port 8080 P2394E_1809 P2745E_1809
kwxsync --statuses "Analyze","Ignore","Not a problem","Fix","Fix in Next Release","Defer","Filter" --last-sync "05-03-2016 00:00:00" --host test.net --port 8080 P2394E_1809 P2749H_1809
kwxsync --statuses "Analyze","Ignore","Not a problem","Fix","Fix in Next Release","Defer","Filter" --last-sync "05-03-2016 00:00:00" --host test.net --port 8080 P2394E_1809 P2952A_1809
kwxsync --statuses "Analyze","Ignore","Not a problem","Fix","Fix in Next Release","Defer","Filter" --last-sync "05-03-2016 00:00:00" --host test.net --port 8080 P2394E_1809 P2952A_LNG_1809
kwxsync --statuses "Analyze","Ignore","Not a problem","Fix","Fix in Next Release","Defer","Filter" --last-sync "05-03-2016 00:00:00" --host test.net --port 8080 P2394E_1809 P2952E_1809
kwxsync --statuses "Analyze","Ignore","Not a problem","Fix","Fix in Next Release","Defer","Filter" --last-sync "05-03-2016 00:00:00" --host test.net --port 8080 P2394E_1809 P2952E_ESCR_1809
kwxsync --statuses "Analyze","Ignore","Not a problem","Fix","Fix in Next Release","Defer","Filter" --last-sync "05-03-2016 00:00:00" --host test.net --port 8080 P2394E_1809 P2952E_LNG_1809
kwxsync --statuses "Analyze","Ignore","Not a problem","Fix","Fix in Next Release","Defer","Filter" --last-sync "05-03-2016 00:00:00" --host test.net --port 8080 P2394E_1809 P2952E_T2_1809
kwxsync --statuses "Analyze","Ignore","Not a problem","Fix","Fix in Next Release","Defer","Filter" --last-sync "05-03-2016 00:00:00" --host test.net --port 8080 P2394E_1809 P2952E_TC_1809
kwxsync --statuses "Analyze","Ignore","Not a problem","Fix","Fix in Next Release","Defer","Filter" --last-sync "05-03-2016 00:00:00" --host test.net --port 8080 P2394E_1809 P3162_1809
kwxsync --statuses "Analyze","Ignore","Not a problem","Fix","Fix in Next Release","Defer","Filter" --last-sync "05-03-2016 00:00:00" --host test.net --port 8080 P2394E_1809 P3162A_1809
kwxsync --statuses "Analyze","Ignore","Not a problem","Fix","Fix in Next Release","Defer","Filter" --last-sync "05-03-2016 00:00:00" --host test.net --port 8080 P2394E_1809 P3216A_1809
kwxsync --statuses "Analyze","Ignore","Not a problem","Fix","Fix in Next Release","Defer","Filter" --last-sync "05-03-2016 00:00:00" --host test.net --port 8080 P2394E_1809 P3216A_EU3_1809
kwxsync --statuses "Analyze","Ignore","Not a problem","Fix","Fix in Next Release","Defer","Filter" --last-sync "05-03-2016 00:00:00" --host test.net --port 8080 P2394E_1809 P3216E_1809
kwxsync --statuses "Analyze","Ignore","Not a problem","Fix","Fix in Next Release","Defer","Filter" --last-sync "05-03-2016 00:00:00" --host test.net --port 8080 P2396A_1809 P2396E_1809
kwxsync --statuses "Analyze","Ignore","Not a problem","Fix","Fix in Next Release","Defer","Filter" --last-sync "05-03-2016 00:00:00" --host test.net --port 8080 P2396A_1809 P2397E_1809
kwxsync --statuses "Analyze","Ignore","Not a problem","Fix","Fix in Next Release","Defer","Filter" --last-sync "05-03-2016 00:00:00" --host test.net --port 8080 P2396A_1809 P2745E_1809
kwxsync --statuses "Analyze","Ignore","Not a problem","Fix","Fix in Next Release","Defer","Filter" --last-sync "05-03-2016 00:00:00" --host test.net --port 8080 P2396A_1809 P2749H_1809
kwxsync --statuses "Analyze","Ignore","Not a problem","Fix","Fix in Next Release","Defer","Filter" --last-sync "05-03-2016 00:00:00" --host test.net --port 8080 P2396A_1809 P2952A_1809
kwxsync --statuses "Analyze","Ignore","Not a problem","Fix","Fix in Next Release","Defer","Filter" --last-sync "05-03-2016 00:00:00" --host test.net --port 8080 P2396A_1809 P2952A_LNG_1809
kwxsync --statuses "Analyze","Ignore","Not a problem","Fix","Fix in Next Release","Defer","Filter" --last-sync "05-03-2016 00:00:00" --host test.net --port 8080 P2396A_1809 P2952E_1809
kwxsync --statuses "Analyze","Ignore","Not a problem","Fix","Fix in Next Release","Defer","Filter" --last-sync "05-03-2016 00:00:00" --host test.net --port 8080 P2396A_1809 P2952E_ESCR_1809
kwxsync --statuses "Analyze","Ignore","Not a problem","Fix","Fix in Next Release","Defer","Filter" --last-sync "05-03-2016 00:00:00" --host test.net --port 8080 P2396A_1809 P2952E_LNG_1809
kwxsync --statuses "Analyze","Ignore","Not a problem","Fix","Fix in Next Release","Defer","Filter" --last-sync "05-03-2016 00:00:00" --host test.net --port 8080 P2396A_1809 P2952E_T2_1809
kwxsync --statuses "Analyze","Ignore","Not a problem","Fix","Fix in Next Release","Defer","Filter" --last-sync "05-03-2016 00:00:00" --host test.net --port 8080 P2396A_1809 P2952E_TC_1809
kwxsync --statuses "Analyze","Ignore","Not a problem","Fix","Fix in Next Release","Defer","Filter" --last-sync "05-03-2016 00:00:00" --host test.net --port 8080 P2396A_1809 P3162_1809
kwxsync --statuses "Analyze","Ignore","Not a problem","Fix","Fix in Next Release","Defer","Filter" --last-sync "05-03-2016 00:00:00" --host test.net --port 8080 P2396A_1809 P3162A_1809
kwxsync --statuses "Analyze","Ignore","Not a problem","Fix","Fix in Next Release","Defer","Filter" --last-sync "05-03-2016 00:00:00" --host test.net --port 8080 P2396A_1809 P3216A_1809
kwxsync --statuses "Analyze","Ignore","Not a problem","Fix","Fix in Next Release","Defer","Filter" --last-sync "05-03-2016 00:00:00" --host test.net --port 8080 P2396A_1809 P3216A_EU3_1809
kwxsync --statuses "Analyze","Ignore","Not a problem","Fix","Fix in Next Release","Defer","Filter" --last-sync "05-03-2016 00:00:00" --host test.net --port 8080 P2396A_1809 P3216E_1809
kwxsync --statuses "Analyze","Ignore","Not a problem","Fix","Fix in Next Release","Defer","Filter" --last-sync "05-03-2016 00:00:00" --host test.net --port 8080 P2396E_1809 P2397E_1809
kwxsync --statuses "Analyze","Ignore","Not a problem","Fix","Fix in Next Release","Defer","Filter" --last-sync "05-03-2016 00:00:00" --host test.net --port 8080 P2396E_1809 P2745E_1809
kwxsync --statuses "Analyze","Ignore","Not a problem","Fix","Fix in Next Release","Defer","Filter" --last-sync "05-03-2016 00:00:00" --host test.net --port 8080 P2396E_1809 P2749H_1809
kwxsync --statuses "Analyze","Ignore","Not a problem","Fix","Fix in Next Release","Defer","Filter" --last-sync "05-03-2016 00:00:00" --host test.net --port 8080 P2396E_1809 P2952A_1809
kwxsync --statuses "Analyze","Ignore","Not a problem","Fix","Fix in Next Release","Defer","Filter" --last-sync "05-03-2016 00:00:00" --host test.net --port 8080 P2396E_1809 P2952A_LNG_1809
kwxsync --statuses "Analyze","Ignore","Not a problem","Fix","Fix in Next Release","Defer","Filter" --last-sync "05-03-2016 00:00:00" --host test.net --port 8080 P2396E_1809 P2952E_1809
kwxsync --statuses "Analyze","Ignore","Not a problem","Fix","Fix in Next Release","Defer","Filter" --last-sync "05-03-2016 00:00:00" --host test.net --port 8080 P2396E_1809 P2952E_ESCR_1809
kwxsync --statuses "Analyze","Ignore","Not a problem","Fix","Fix in Next Release","Defer","Filter" --last-sync "05-03-2016 00:00:00" --host test.net --port 8080 P2396E_1809 P2952E_LNG_1809
kwxsync --statuses "Analyze","Ignore","Not a problem","Fix","Fix in Next Release","Defer","Filter" --last-sync "05-03-2016 00:00:00" --host test.net --port 8080 P2396E_1809 P2952E_T2_1809
kwxsync --statuses "Analyze","Ignore","Not a problem","Fix","Fix in Next Release","Defer","Filter" --last-sync "05-03-2016 00:00:00" --host test.net --port 8080 P2396E_1809 P2952E_TC_1809
kwxsync --statuses "Analyze","Ignore","Not a problem","Fix","Fix in Next Release","Defer","Filter" --last-sync "05-03-2016 00:00:00" --host test.net --port 8080 P2396E_1809 P3162_1809
kwxsync --statuses "Analyze","Ignore","Not a problem","Fix","Fix in Next Release","Defer","Filter" --last-sync "05-03-2016 00:00:00" --host test.net --port 8080 P2396E_1809 P3162A_1809
kwxsync --statuses "Analyze","Ignore","Not a problem","Fix","Fix in Next Release","Defer","Filter" --last-sync "05-03-2016 00:00:00" --host test.net --port 8080 P2396E_1809 P3216A_1809
kwxsync --statuses "Analyze","Ignore","Not a problem","Fix","Fix in Next Release","Defer","Filter" --last-sync "05-03-2016 00:00:00" --host test.net --port 8080 P2396E_1809 P3216A_EU3_1809
kwxsync --statuses "Analyze","Ignore","Not a problem","Fix","Fix in Next Release","Defer","Filter" --last-sync "05-03-2016 00:00:00" --host test.net --port 8080 P2396E_1809 P3216E_1809
kwxsync --statuses "Analyze","Ignore","Not a problem","Fix","Fix in Next Release","Defer","Filter" --last-sync "05-03-2016 00:00:00" --host test.net --port 8080 P2397E_1809 P2745E_1809
kwxsync --statuses "Analyze","Ignore","Not a problem","Fix","Fix in Next Release","Defer","Filter" --last-sync "05-03-2016 00:00:00" --host test.net --port 8080 P2397E_1809 P2749H_1809
kwxsync --statuses "Analyze","Ignore","Not a problem","Fix","Fix in Next Release","Defer","Filter" --last-sync "05-03-2016 00:00:00" --host test.net --port 8080 P2397E_1809 P2952A_1809
kwxsync --statuses "Analyze","Ignore","Not a problem","Fix","Fix in Next Release","Defer","Filter" --last-sync "05-03-2016 00:00:00" --host test.net --port 8080 P2397E_1809 P2952A_LNG_1809
kwxsync --statuses "Analyze","Ignore","Not a problem","Fix","Fix in Next Release","Defer","Filter" --last-sync "05-03-2016 00:00:00" --host test.net --port 8080 P2397E_1809 P2952E_1809
kwxsync --statuses "Analyze","Ignore","Not a problem","Fix","Fix in Next Release","Defer","Filter" --last-sync "05-03-2016 00:00:00" --host test.net --port 8080 P2397E_1809 P2952E_ESCR_1809
kwxsync --statuses "Analyze","Ignore","Not a problem","Fix","Fix in Next Release","Defer","Filter" --last-sync "05-03-2016 00:00:00" --host test.net --port 8080 P2397E_1809 P2952E_LNG_1809
kwxsync --statuses "Analyze","Ignore","Not a problem","Fix","Fix in Next Release","Defer","Filter" --last-sync "05-03-2016 00:00:00" --host test.net --port 8080 P2397E_1809 P2952E_T2_1809
kwxsync --statuses "Analyze","Ignore","Not a problem","Fix","Fix in Next Release","Defer","Filter" --last-sync "05-03-2016 00:00:00" --host test.net --port 8080 P2397E_1809 P2952E_TC_1809
kwxsync --statuses "Analyze","Ignore","Not a problem","Fix","Fix in Next Release","Defer","Filter" --last-sync "05-03-2016 00:00:00" --host test.net --port 8080 P2397E_1809 P3162_1809
kwxsync --statuses "Analyze","Ignore","Not a problem","Fix","Fix in Next Release","Defer","Filter" --last-sync "05-03-2016 00:00:00" --host test.net --port 8080 P2397E_1809 P3162A_1809
kwxsync --statuses "Analyze","Ignore","Not a problem","Fix","Fix in Next Release","Defer","Filter" --last-sync "05-03-2016 00:00:00" --host test.net --port 8080 P2397E_1809 P3216A_1809
kwxsync --statuses "Analyze","Ignore","Not a problem","Fix","Fix in Next Release","Defer","Filter" --last-sync "05-03-2016 00:00:00" --host test.net --port 8080 P2397E_1809 P3216A_EU3_1809
kwxsync --statuses "Analyze","Ignore","Not a problem","Fix","Fix in Next Release","Defer","Filter" --last-sync "05-03-2016 00:00:00" --host test.net --port 8080 P2397E_1809 P3216E_1809
kwxsync --statuses "Analyze","Ignore","Not a problem","Fix","Fix in Next Release","Defer","Filter" --last-sync "05-03-2016 00:00:00" --host test.net --port 8080 P2745E_1809 P2749H_1809
kwxsync --statuses "Analyze","Ignore","Not a problem","Fix","Fix in Next Release","Defer","Filter" --last-sync "05-03-2016 00:00:00" --host test.net --port 8080 P2745E_1809 P2952A_1809
kwxsync --statuses "Analyze","Ignore","Not a problem","Fix","Fix in Next Release","Defer","Filter" --last-sync "05-03-2016 00:00:00" --host test.net --port 8080 P2745E_1809 P2952A_LNG_1809
kwxsync --statuses "Analyze","Ignore","Not a problem","Fix","Fix in Next Release","Defer","Filter" --last-sync "05-03-2016 00:00:00" --host test.net --port 8080 P2745E_1809 P2952E_1809
kwxsync --statuses "Analyze","Ignore","Not a problem","Fix","Fix in Next Release","Defer","Filter" --last-sync "05-03-2016 00:00:00" --host test.net --port 8080 P2745E_1809 P2952E_ESCR_1809
kwxsync --statuses "Analyze","Ignore","Not a problem","Fix","Fix in Next Release","Defer","Filter" --last-sync "05-03-2016 00:00:00" --host test.net --port 8080 P2745E_1809 P2952E_LNG_1809
kwxsync --statuses "Analyze","Ignore","Not a problem","Fix","Fix in Next Release","Defer","Filter" --last-sync "05-03-2016 00:00:00" --host test.net --port 8080 P2745E_1809 P2952E_T2_1809
kwxsync --statuses "Analyze","Ignore","Not a problem","Fix","Fix in Next Release","Defer","Filter" --last-sync "05-03-2016 00:00:00" --host test.net --port 8080 P2745E_1809 P2952E_TC_1809
kwxsync --statuses "Analyze","Ignore","Not a problem","Fix","Fix in Next Release","Defer","Filter" --last-sync "05-03-2016 00:00:00" --host test.net --port 8080 P2745E_1809 P3162_1809
kwxsync --statuses "Analyze","Ignore","Not a problem","Fix","Fix in Next Release","Defer","Filter" --last-sync "05-03-2016 00:00:00" --host test.net --port 8080 P2745E_1809 P3162A_1809
kwxsync --statuses "Analyze","Ignore","Not a problem","Fix","Fix in Next Release","Defer","Filter" --last-sync "05-03-2016 00:00:00" --host test.net --port 8080 P2745E_1809 P3216A_1809
kwxsync --statuses "Analyze","Ignore","Not a problem","Fix","Fix in Next Release","Defer","Filter" --last-sync "05-03-2016 00:00:00" --host test.net --port 8080 P2745E_1809 P3216A_EU3_1809
kwxsync --statuses "Analyze","Ignore","Not a problem","Fix","Fix in Next Release","Defer","Filter" --last-sync "05-03-2016 00:00:00" --host test.net --port 8080 P2745E_1809 P3216E_1809
kwxsync --statuses "Analyze","Ignore","Not a problem","Fix","Fix in Next Release","Defer","Filter" --last-sync "05-03-2016 00:00:00" --host test.net --port 8080 P2749H_1809 P2952A_1809
kwxsync --statuses "Analyze","Ignore","Not a problem","Fix","Fix in Next Release","Defer","Filter" --last-sync "05-03-2016 00:00:00" --host test.net --port 8080 P2749H_1809 P2952A_LNG_1809
kwxsync --statuses "Analyze","Ignore","Not a problem","Fix","Fix in Next Release","Defer","Filter" --last-sync "05-03-2016 00:00:00" --host test.net --port 8080 P2749H_1809 P2952E_1809
kwxsync --statuses "Analyze","Ignore","Not a problem","Fix","Fix in Next Release","Defer","Filter" --last-sync "05-03-2016 00:00:00" --host test.net --port 8080 P2749H_1809 P2952E_ESCR_1809
kwxsync --statuses "Analyze","Ignore","Not a problem","Fix","Fix in Next Release","Defer","Filter" --last-sync "05-03-2016 00:00:00" --host test.net --port 8080 P2749H_1809 P2952E_LNG_1809
kwxsync --statuses "Analyze","Ignore","Not a problem","Fix","Fix in Next Release","Defer","Filter" --last-sync "05-03-2016 00:00:00" --host test.net --port 8080 P2749H_1809 P2952E_T2_1809
kwxsync --statuses "Analyze","Ignore","Not a problem","Fix","Fix in Next Release","Defer","Filter" --last-sync "05-03-2016 00:00:00" --host test.net --port 8080 P2749H_1809 P2952E_TC_1809
kwxsync --statuses "Analyze","Ignore","Not a problem","Fix","Fix in Next Release","Defer","Filter" --last-sync "05-03-2016 00:00:00" --host test.net --port 8080 P2749H_1809 P3162_1809
kwxsync --statuses "Analyze","Ignore","Not a problem","Fix","Fix in Next Release","Defer","Filter" --last-sync "05-03-2016 00:00:00" --host test.net --port 8080 P2749H_1809 P3162A_1809
kwxsync --statuses "Analyze","Ignore","Not a problem","Fix","Fix in Next Release","Defer","Filter" --last-sync "05-03-2016 00:00:00" --host test.net --port 8080 P2749H_1809 P3216A_1809
kwxsync --statuses "Analyze","Ignore","Not a problem","Fix","Fix in Next Release","Defer","Filter" --last-sync "05-03-2016 00:00:00" --host test.net --port 8080 P2749H_1809 P3216A_EU3_1809
kwxsync --statuses "Analyze","Ignore","Not a problem","Fix","Fix in Next Release","Defer","Filter" --last-sync "05-03-2016 00:00:00" --host test.net --port 8080 P2749H_1809 P3216E_1809
kwxsync --statuses "Analyze","Ignore","Not a problem","Fix","Fix in Next Release","Defer","Filter" --last-sync "05-03-2016 00:00:00" --host test.net --port 8080 P2952A_1809 P2952A_LNG_1809
kwxsync --statuses "Analyze","Ignore","Not a problem","Fix","Fix in Next Release","Defer","Filter" --last-sync "05-03-2016 00:00:00" --host test.net --port 8080 P2952A_1809 P2952E_1809
kwxsync --statuses "Analyze","Ignore","Not a problem","Fix","Fix in Next Release","Defer","Filter" --last-sync "05-03-2016 00:00:00" --host test.net --port 8080 P2952A_1809 P2952E_ESCR_1809
kwxsync --statuses "Analyze","Ignore","Not a problem","Fix","Fix in Next Release","Defer","Filter" --last-sync "05-03-2016 00:00:00" --host test.net --port 8080 P2952A_1809 P2952E_LNG_1809
kwxsync --statuses "Analyze","Ignore","Not a problem","Fix","Fix in Next Release","Defer","Filter" --last-sync "05-03-2016 00:00:00" --host test.net --port 8080 P2952A_1809 P2952E_T2_1809
kwxsync --statuses "Analyze","Ignore","Not a problem","Fix","Fix in Next Release","Defer","Filter" --last-sync "05-03-2016 00:00:00" --host test.net --port 8080 P2952A_1809 P2952E_TC_1809
kwxsync --statuses "Analyze","Ignore","Not a problem","Fix","Fix in Next Release","Defer","Filter" --last-sync "05-03-2016 00:00:00" --host test.net --port 8080 P2952A_1809 P3162_1809
kwxsync --statuses "Analyze","Ignore","Not a problem","Fix","Fix in Next Release","Defer","Filter" --last-sync "05-03-2016 00:00:00" --host test.net --port 8080 P2952A_1809 P3162A_1809
kwxsync --statuses "Analyze","Ignore","Not a problem","Fix","Fix in Next Release","Defer","Filter" --last-sync "05-03-2016 00:00:00" --host test.net --port 8080 P2952A_1809 P3216A_1809
kwxsync --statuses "Analyze","Ignore","Not a problem","Fix","Fix in Next Release","Defer","Filter" --last-sync "05-03-2016 00:00:00" --host test.net --port 8080 P2952A_1809 P3216A_EU3_1809
kwxsync --statuses "Analyze","Ignore","Not a problem","Fix","Fix in Next Release","Defer","Filter" --last-sync "05-03-2016 00:00:00" --host test.net --port 8080 P2952A_1809 P3216E_1809
kwxsync --statuses "Analyze","Ignore","Not a problem","Fix","Fix in Next Release","Defer","Filter" --last-sync "05-03-2016 00:00:00" --host test.net --port 8080 P2952A_LNG_1809 P2952E_1809
kwxsync --statuses "Analyze","Ignore","Not a problem","Fix","Fix in Next Release","Defer","Filter" --last-sync "05-03-2016 00:00:00" --host test.net --port 8080 P2952A_LNG_1809 P2952E_ESCR_1809
kwxsync --statuses "Analyze","Ignore","Not a problem","Fix","Fix in Next Release","Defer","Filter" --last-sync "05-03-2016 00:00:00" --host test.net --port 8080 P2952A_LNG_1809 P2952E_LNG_1809
kwxsync --statuses "Analyze","Ignore","Not a problem","Fix","Fix in Next Release","Defer","Filter" --last-sync "05-03-2016 00:00:00" --host test.net --port 8080 P2952A_LNG_1809 P2952E_T2_1809
kwxsync --statuses "Analyze","Ignore","Not a problem","Fix","Fix in Next Release","Defer","Filter" --last-sync "05-03-2016 00:00:00" --host test.net --port 8080 P2952A_LNG_1809 P2952E_TC_1809
kwxsync --statuses "Analyze","Ignore","Not a problem","Fix","Fix in Next Release","Defer","Filter" --last-sync "05-03-2016 00:00:00" --host test.net --port 8080 P2952A_LNG_1809 P3162_1809
kwxsync --statuses "Analyze","Ignore","Not a problem","Fix","Fix in Next Release","Defer","Filter" --last-sync "05-03-2016 00:00:00" --host test.net --port 8080 P2952A_LNG_1809 P3162A_1809
kwxsync --statuses "Analyze","Ignore","Not a problem","Fix","Fix in Next Release","Defer","Filter" --last-sync "05-03-2016 00:00:00" --host test.net --port 8080 P2952A_LNG_1809 P3216A_1809
kwxsync --statuses "Analyze","Ignore","Not a problem","Fix","Fix in Next Release","Defer","Filter" --last-sync "05-03-2016 00:00:00" --host test.net --port 8080 P2952A_LNG_1809 P3216A_EU3_1809
kwxsync --statuses "Analyze","Ignore","Not a problem","Fix","Fix in Next Release","Defer","Filter" --last-sync "05-03-2016 00:00:00" --host test.net --port 8080 P2952A_LNG_1809 P3216E_1809
kwxsync --statuses "Analyze","Ignore","Not a problem","Fix","Fix in Next Release","Defer","Filter" --last-sync "05-03-2016 00:00:00" --host test.net --port 8080 P2952E_1809 P2952E_ESCR_1809
kwxsync --statuses "Analyze","Ignore","Not a problem","Fix","Fix in Next Release","Defer","Filter" --last-sync "05-03-2016 00:00:00" --host test.net --port 8080 P2952E_1809 P2952E_LNG_1809
kwxsync --statuses "Analyze","Ignore","Not a problem","Fix","Fix in Next Release","Defer","Filter" --last-sync "05-03-2016 00:00:00" --host test.net --port 8080 P2952E_1809 P2952E_T2_1809
kwxsync --statuses "Analyze","Ignore","Not a problem","Fix","Fix in Next Release","Defer","Filter" --last-sync "05-03-2016 00:00:00" --host test.net --port 8080 P2952E_1809 P2952E_TC_1809
kwxsync --statuses "Analyze","Ignore","Not a problem","Fix","Fix in Next Release","Defer","Filter" --last-sync "05-03-2016 00:00:00" --host test.net --port 8080 P2952E_1809 P3162_1809
kwxsync --statuses "Analyze","Ignore","Not a problem","Fix","Fix in Next Release","Defer","Filter" --last-sync "05-03-2016 00:00:00" --host test.net --port 8080 P2952E_1809 P3162A_1809
kwxsync --statuses "Analyze","Ignore","Not a problem","Fix","Fix in Next Release","Defer","Filter" --last-sync "05-03-2016 00:00:00" --host test.net --port 8080 P2952E_1809 P3216A_1809
kwxsync --statuses "Analyze","Ignore","Not a problem","Fix","Fix in Next Release","Defer","Filter" --last-sync "05-03-2016 00:00:00" --host test.net --port 8080 P2952E_1809 P3216A_EU3_1809
kwxsync --statuses "Analyze","Ignore","Not a problem","Fix","Fix in Next Release","Defer","Filter" --last-sync "05-03-2016 00:00:00" --host test.net --port 8080 P2952E_1809 P3216E_1809
kwxsync --statuses "Analyze","Ignore","Not a problem","Fix","Fix in Next Release","Defer","Filter" --last-sync "05-03-2016 00:00:00" --host test.net --port 8080 P2952E_ESCR_1809 P2952E_LNG_1809
kwxsync --statuses "Analyze","Ignore","Not a problem","Fix","Fix in Next Release","Defer","Filter" --last-sync "05-03-2016 00:00:00" --host test.net --port 8080 P2952E_ESCR_1809 P2952E_T2_1809
kwxsync --statuses "Analyze","Ignore","Not a problem","Fix","Fix in Next Release","Defer","Filter" --last-sync "05-03-2016 00:00:00" --host test.net --port 8080 P2952E_ESCR_1809 P2952E_TC_1809
kwxsync --statuses "Analyze","Ignore","Not a problem","Fix","Fix in Next Release","Defer","Filter" --last-sync "05-03-2016 00:00:00" --host test.net --port 8080 P2952E_ESCR_1809 P3162_1809
kwxsync --statuses "Analyze","Ignore","Not a problem","Fix","Fix in Next Release","Defer","Filter" --last-sync "05-03-2016 00:00:00" --host test.net --port 8080 P2952E_ESCR_1809 P3162A_1809
kwxsync --statuses "Analyze","Ignore","Not a problem","Fix","Fix in Next Release","Defer","Filter" --last-sync "05-03-2016 00:00:00" --host test.net --port 8080 P2952E_ESCR_1809 P3216A_1809
kwxsync --statuses "Analyze","Ignore","Not a problem","Fix","Fix in Next Release","Defer","Filter" --last-sync "05-03-2016 00:00:00" --host test.net --port 8080 P2952E_ESCR_1809 P3216A_EU3_1809
kwxsync --statuses "Analyze","Ignore","Not a problem","Fix","Fix in Next Release","Defer","Filter" --last-sync "05-03-2016 00:00:00" --host test.net --port 8080 P2952E_ESCR_1809 P3216E_1809
kwxsync --statuses "Analyze","Ignore","Not a problem","Fix","Fix in Next Release","Defer","Filter" --last-sync "05-03-2016 00:00:00" --host test.net --port 8080 P2952E_LNG_1809 P2952E_T2_1809
kwxsync --statuses "Analyze","Ignore","Not a problem","Fix","Fix in Next Release","Defer","Filter" --last-sync "05-03-2016 00:00:00" --host test.net --port 8080 P2952E_LNG_1809 P2952E_TC_1809
kwxsync --statuses "Analyze","Ignore","Not a problem","Fix","Fix in Next Release","Defer","Filter" --last-sync "05-03-2016 00:00:00" --host test.net --port 8080 P2952E_LNG_1809 P3162_1809
kwxsync --statuses "Analyze","Ignore","Not a problem","Fix","Fix in Next Release","Defer","Filter" --last-sync "05-03-2016 00:00:00" --host test.net --port 8080 P2952E_LNG_1809 P3162A_1809
kwxsync --statuses "Analyze","Ignore","Not a problem","Fix","Fix in Next Release","Defer","Filter" --last-sync "05-03-2016 00:00:00" --host test.net --port 8080 P2952E_LNG_1809 P3216A_1809
kwxsync --statuses "Analyze","Ignore","Not a problem","Fix","Fix in Next Release","Defer","Filter" --last-sync "05-03-2016 00:00:00" --host test.net --port 8080 P2952E_LNG_1809 P3216A_EU3_1809
kwxsync --statuses "Analyze","Ignore","Not a problem","Fix","Fix in Next Release","Defer","Filter" --last-sync "05-03-2016 00:00:00" --host test.net --port 8080 P2952E_LNG_1809 P3216E_1809
kwxsync --statuses "Analyze","Ignore","Not a problem","Fix","Fix in Next Release","Defer","Filter" --last-sync "05-03-2016 00:00:00" --host test.net --port 8080 P2952E_T2_1809 P2952E_TC_1809
kwxsync --statuses "Analyze","Ignore","Not a problem","Fix","Fix in Next Release","Defer","Filter" --last-sync "05-03-2016 00:00:00" --host test.net --port 8080 P2952E_T2_1809 P3162_1809
kwxsync --statuses "Analyze","Ignore","Not a problem","Fix","Fix in Next Release","Defer","Filter" --last-sync "05-03-2016 00:00:00" --host test.net --port 8080 P2952E_T2_1809 P3162A_1809
kwxsync --statuses "Analyze","Ignore","Not a problem","Fix","Fix in Next Release","Defer","Filter" --last-sync "05-03-2016 00:00:00" --host test.net --port 8080 P2952E_T2_1809 P3216A_1809
kwxsync --statuses "Analyze","Ignore","Not a problem","Fix","Fix in Next Release","Defer","Filter" --last-sync "05-03-2016 00:00:00" --host test.net --port 8080 P2952E_T2_1809 P3216A_EU3_1809
kwxsync --statuses "Analyze","Ignore","Not a problem","Fix","Fix in Next Release","Defer","Filter" --last-sync "05-03-2016 00:00:00" --host test.net --port 8080 P2952E_T2_1809 P3216E_1809
kwxsync --statuses "Analyze","Ignore","Not a problem","Fix","Fix in Next Release","Defer","Filter" --last-sync "05-03-2016 00:00:00" --host test.net --port 8080 P2952E_TC_1809 P3162_1809
kwxsync --statuses "Analyze","Ignore","Not a problem","Fix","Fix in Next Release","Defer","Filter" --last-sync "05-03-2016 00:00:00" --host test.net --port 8080 P2952E_TC_1809 P3162A_1809
kwxsync --statuses "Analyze","Ignore","Not a problem","Fix","Fix in Next Release","Defer","Filter" --last-sync "05-03-2016 00:00:00" --host test.net --port 8080 P2952E_TC_1809 P3216A_1809
kwxsync --statuses "Analyze","Ignore","Not a problem","Fix","Fix in Next Release","Defer","Filter" --last-sync "05-03-2016 00:00:00" --host test.net --port 8080 P2952E_TC_1809 P3216A_EU3_1809
kwxsync --statuses "Analyze","Ignore","Not a problem","Fix","Fix in Next Release","Defer","Filter" --last-sync "05-03-2016 00:00:00" --host test.net --port 8080 P2952E_TC_1809 P3216E_1809
kwxsync --statuses "Analyze","Ignore","Not a problem","Fix","Fix in Next Release","Defer","Filter" --last-sync "05-03-2016 00:00:00" --host test.net --port 8080 P3162_1809 P3162A_1809
kwxsync --statuses "Analyze","Ignore","Not a problem","Fix","Fix in Next Release","Defer","Filter" --last-sync "05-03-2016 00:00:00" --host test.net --port 8080 P3162_1809 P3216A_1809
kwxsync --statuses "Analyze","Ignore","Not a problem","Fix","Fix in Next Release","Defer","Filter" --last-sync "05-03-2016 00:00:00" --host test.net --port 8080 P3162_1809 P3216A_EU3_1809
kwxsync --statuses "Analyze","Ignore","Not a problem","Fix","Fix in Next Release","Defer","Filter" --last-sync "05-03-2016 00:00:00" --host test.net --port 8080 P3162_1809 P3216E_1809
kwxsync --statuses "Analyze","Ignore","Not a problem","Fix","Fix in Next Release","Defer","Filter" --last-sync "05-03-2016 00:00:00" --host test.net --port 8080 P3162A_1809 P3216A_1809
kwxsync --statuses "Analyze","Ignore","Not a problem","Fix","Fix in Next Release","Defer","Filter" --last-sync "05-03-2016 00:00:00" --host test.net --port 8080 P3162A_1809 P3216A_EU3_1809
kwxsync --statuses "Analyze","Ignore","Not a problem","Fix","Fix in Next Release","Defer","Filter" --last-sync "05-03-2016 00:00:00" --host test.net --port 8080 P3162A_1809 P3216E_1809
kwxsync --statuses "Analyze","Ignore","Not a problem","Fix","Fix in Next Release","Defer","Filter" --last-sync "05-03-2016 00:00:00" --host test.net --port 8080 P3216A_1809 P3216A_EU3_1809
kwxsync --statuses "Analyze","Ignore","Not a problem","Fix","Fix in Next Release","Defer","Filter" --last-sync "05-03-2016 00:00:00" --host test.net --port 8080 P3216A_1809 P3216E_1809
kwxsync --statuses "Analyze","Ignore","Not a problem","Fix","Fix in Next Release","Defer","Filter" --last-sync "05-03-2016 00:00:00" --host test.net --port 8080 P3216A_EU3_1809 P3216E_1809
